<?xml version="1.0" encoding="UTF-8"?>
<testng-results ignored="0" total="1" passed="1" failed="0" skipped="0">
  <reporter-output>
  </reporter-output>
  <suite started-at="2023-01-13T15:27:03 PST" name="Default suite" finished-at="2023-01-13T15:27:07 PST" duration-ms="4240">
    <groups>
    </groups>
    <test started-at="2023-01-13T15:27:03 PST" name="Default test" finished-at="2023-01-13T15:27:07 PST" duration-ms="4240">
      <class name="test.cartpageFunctionalityTest">
        <test-method is-config="true" signature="setUp()[pri:0, instance:test.cartpageFunctionalityTest@7068e664]" started-at="2023-01-13T15:27:03 PST" name="setUp" finished-at="2023-01-13T15:27:06 PST" duration-ms="3266" status="PASS">
          <reporter-output>
          </reporter-output>
        </test-method> <!-- setUp -->
        <test-method signature="CartPage_TC001_checkItemsAndRemove()[pri:0, instance:test.cartpageFunctionalityTest@7068e664]" started-at="2023-01-13T15:27:06 PST" name="CartPage_TC001_checkItemsAndRemove" finished-at="2023-01-13T15:27:07 PST" duration-ms="953" status="PASS">
          <reporter-output>
          </reporter-output>
        </test-method> <!-- CartPage_TC001_checkItemsAndRemove -->
      </class> <!-- test.cartpageFunctionalityTest -->
    </test> <!-- Default test -->
  </suite> <!-- Default suite -->
</testng-results>
